Analysis & Synthesis report for processor
<<<<<<< Updated upstream
Fri Oct  3 18:26:52 2025
=======
Fri Oct 10 12:34:36 2025
>>>>>>> Stashed changes
Quartus Prime Version 24.1std.0 Build 1077 03/04/2025 SC Lite Edition


---------------------
; Table of Contents ;
---------------------
  1. Legal Notice
  2. Analysis & Synthesis Summary
  3. Analysis & Synthesis Settings
  4. Parallel Compilation
  5. Analysis & Synthesis Source Files Read
  6. Analysis & Synthesis Resource Usage Summary
  7. Analysis & Synthesis Resource Utilization by Entity
<<<<<<< Updated upstream
  8. Registers Removed During Synthesis
  9. General Register Statistics
 10. Port Connectivity Checks: "RegisterUnit:RF"
 11. Port Connectivity Checks: "hexa:show_display"
 12. Post-Synthesis Netlist Statistics for Top Partition
 13. Elapsed Time Per Partition
 14. Analysis & Synthesis Messages
=======
  8. General Register Statistics
  9. Port Connectivity Checks: "ControlUnit:CU"
 10. Post-Synthesis Netlist Statistics for Top Partition
 11. Elapsed Time Per Partition
 12. Analysis & Synthesis Messages
>>>>>>> Stashed changes



----------------
; Legal Notice ;
----------------
Copyright (C) 2025  Altera Corporation. All rights reserved.
Your use of Altera Corporation's design tools, logic functions 
and other software and tools, and any partner logic 
functions, and any output files from any of the foregoing 
(including device programming or simulation files), and any 
associated documentation or information are expressly subject 
to the terms and conditions of the Altera Program License 
Subscription Agreement, the Altera Quartus Prime License Agreement,
the Altera IP License Agreement, or other applicable license
agreement, including, without limitation, that your use is for
the sole purpose of programming logic devices manufactured by
Altera and sold by Altera or its authorized distributors.  Please
refer to the Altera Software License Subscription Agreements 
on the Quartus Prime software download page.



+-----------------------------------------------------------------------------------+
; Analysis & Synthesis Summary                                                      ;
+---------------------------------+-------------------------------------------------+
<<<<<<< Updated upstream
; Analysis & Synthesis Status     ; Successful - Fri Oct  3 18:26:52 2025           ;
=======
; Analysis & Synthesis Status     ; Successful - Fri Oct 10 12:34:36 2025           ;
>>>>>>> Stashed changes
; Quartus Prime Version           ; 24.1std.0 Build 1077 03/04/2025 SC Lite Edition ;
; Revision Name                   ; processor                                       ;
; Top-level Entity Name           ; processor                                       ;
; Family                          ; Cyclone V                                       ;
; Logic utilization (in ALMs)     ; N/A                                             ;
; Total registers                 ; 8                                               ;
; Total pins                      ; 44                                              ;
; Total virtual pins              ; 0                                               ;
; Total block memory bits         ; 0                                               ;
; Total DSP Blocks                ; 0                                               ;
; Total HSSI RX PCSs              ; 0                                               ;
; Total HSSI PMA RX Deserializers ; 0                                               ;
; Total HSSI TX PCSs              ; 0                                               ;
; Total HSSI PMA TX Serializers   ; 0                                               ;
; Total PLLs                      ; 0                                               ;
; Total DLLs                      ; 0                                               ;
+---------------------------------+-------------------------------------------------+


+---------------------------------------------------------------------------------------------------------------------------+
; Analysis & Synthesis Settings                                                                                             ;
+---------------------------------------------------------------------------------+--------------------+--------------------+
; Option                                                                          ; Setting            ; Default Value      ;
+---------------------------------------------------------------------------------+--------------------+--------------------+
; Device                                                                          ; 5CSEMA5F31C6       ;                    ;
; Top-level entity name                                                           ; processor          ; processor          ;
; Family name                                                                     ; Cyclone V          ; Cyclone V          ;
; Use smart compilation                                                           ; Off                ; Off                ;
; Enable parallel Assembler and Timing Analyzer during compilation                ; On                 ; On                 ;
; Enable compact report table                                                     ; Off                ; Off                ;
; Restructure Multiplexers                                                        ; Auto               ; Auto               ;
; MLAB Add Timing Constraints For Mixed-Port Feed-Through Mode Setting Don't Care ; Off                ; Off                ;
; Create Debugging Nodes for IP Cores                                             ; Off                ; Off                ;
; Preserve fewer node names                                                       ; On                 ; On                 ;
; Intel FPGA IP Evaluation Mode                                                   ; Enable             ; Enable             ;
; Verilog Version                                                                 ; Verilog_2001       ; Verilog_2001       ;
; VHDL Version                                                                    ; VHDL_1993          ; VHDL_1993          ;
; State Machine Processing                                                        ; Auto               ; Auto               ;
; Safe State Machine                                                              ; Off                ; Off                ;
; Extract Verilog State Machines                                                  ; On                 ; On                 ;
; Extract VHDL State Machines                                                     ; On                 ; On                 ;
; Ignore Verilog initial constructs                                               ; Off                ; Off                ;
; Iteration limit for constant Verilog loops                                      ; 5000               ; 5000               ;
; Iteration limit for non-constant Verilog loops                                  ; 250                ; 250                ;
; Add Pass-Through Logic to Inferred RAMs                                         ; On                 ; On                 ;
; Infer RAMs from Raw Logic                                                       ; On                 ; On                 ;
; Parallel Synthesis                                                              ; On                 ; On                 ;
; DSP Block Balancing                                                             ; Auto               ; Auto               ;
; NOT Gate Push-Back                                                              ; On                 ; On                 ;
; Power-Up Don't Care                                                             ; On                 ; On                 ;
; Remove Redundant Logic Cells                                                    ; Off                ; Off                ;
; Remove Duplicate Registers                                                      ; On                 ; On                 ;
; Ignore CARRY Buffers                                                            ; Off                ; Off                ;
; Ignore CASCADE Buffers                                                          ; Off                ; Off                ;
; Ignore GLOBAL Buffers                                                           ; Off                ; Off                ;
; Ignore ROW GLOBAL Buffers                                                       ; Off                ; Off                ;
; Ignore LCELL Buffers                                                            ; Off                ; Off                ;
; Ignore SOFT Buffers                                                             ; On                 ; On                 ;
; Limit AHDL Integers to 32 Bits                                                  ; Off                ; Off                ;
; Optimization Technique                                                          ; Balanced           ; Balanced           ;
; Carry Chain Length                                                              ; 70                 ; 70                 ;
; Auto Carry Chains                                                               ; On                 ; On                 ;
; Auto Open-Drain Pins                                                            ; On                 ; On                 ;
; Perform WYSIWYG Primitive Resynthesis                                           ; Off                ; Off                ;
; Auto ROM Replacement                                                            ; On                 ; On                 ;
; Auto RAM Replacement                                                            ; On                 ; On                 ;
; Auto DSP Block Replacement                                                      ; On                 ; On                 ;
; Auto Shift Register Replacement                                                 ; Auto               ; Auto               ;
; Allow Shift Register Merging across Hierarchies                                 ; Auto               ; Auto               ;
; Auto Clock Enable Replacement                                                   ; On                 ; On                 ;
; Strict RAM Replacement                                                          ; Off                ; Off                ;
; Allow Synchronous Control Signals                                               ; On                 ; On                 ;
; Force Use of Synchronous Clear Signals                                          ; Off                ; Off                ;
; Auto Resource Sharing                                                           ; Off                ; Off                ;
; Allow Any RAM Size For Recognition                                              ; Off                ; Off                ;
; Allow Any ROM Size For Recognition                                              ; Off                ; Off                ;
; Allow Any Shift Register Size For Recognition                                   ; Off                ; Off                ;
; Use LogicLock Constraints during Resource Balancing                             ; On                 ; On                 ;
; Ignore translate_off and synthesis_off directives                               ; Off                ; Off                ;
; Timing-Driven Synthesis                                                         ; On                 ; On                 ;
; Report Parameter Settings                                                       ; On                 ; On                 ;
; Report Source Assignments                                                       ; On                 ; On                 ;
; Report Connectivity Checks                                                      ; On                 ; On                 ;
; Ignore Maximum Fan-Out Assignments                                              ; Off                ; Off                ;
; Synchronization Register Chain Length                                           ; 3                  ; 3                  ;
; Power Optimization During Synthesis                                             ; Normal compilation ; Normal compilation ;
; HDL message level                                                               ; Level2             ; Level2             ;
; Suppress Register Optimization Related Messages                                 ; Off                ; Off                ;
; Number of Removed Registers Reported in Synthesis Report                        ; 5000               ; 5000               ;
; Number of Swept Nodes Reported in Synthesis Report                              ; 5000               ; 5000               ;
; Number of Inverted Registers Reported in Synthesis Report                       ; 100                ; 100                ;
; Clock MUX Protection                                                            ; On                 ; On                 ;
; Auto Gated Clock Conversion                                                     ; Off                ; Off                ;
; Block Design Naming                                                             ; Auto               ; Auto               ;
; SDC constraint protection                                                       ; Off                ; Off                ;
; Synthesis Effort                                                                ; Auto               ; Auto               ;
; Shift Register Replacement - Allow Asynchronous Clear Signal                    ; On                 ; On                 ;
; Pre-Mapping Resynthesis Optimization                                            ; Off                ; Off                ;
; Analysis & Synthesis Message Level                                              ; Medium             ; Medium             ;
; Disable Register Merging Across Hierarchies                                     ; Auto               ; Auto               ;
; Resource Aware Inference For Block RAM                                          ; On                 ; On                 ;
; Automatic Parallel Synthesis                                                    ; On                 ; On                 ;
; Partial Reconfiguration Bitstream ID                                            ; Off                ; Off                ;
+---------------------------------------------------------------------------------+--------------------+--------------------+


+------------------------------------------+
; Parallel Compilation                     ;
+----------------------------+-------------+
; Processors                 ; Number      ;
+----------------------------+-------------+
; Number detected on machine ; 16          ;
; Maximum allowed            ; 16          ;
;                            ;             ;
; Average used               ; 1.00        ;
; Maximum used               ; 16          ;
;                            ;             ;
; Usage by Processor         ; % Time Used ;
;     Processor 1            ; 100.0%      ;
;     Processors 2-16        ;   0.0%      ;
+----------------------------+-------------+


<<<<<<< Updated upstream
+--------------------------------------------------------------------------------------------------------------------------------------------------------------+
; Analysis & Synthesis Source Files Read                                                                                                                       ;
+----------------------------------+-----------------+------------------------------+----------------------------------------------------------------+---------+
; File Name with User-Entered Path ; Used in Netlist ; File Type                    ; File Name with Absolute Path                                   ; Library ;
+----------------------------------+-----------------+------------------------------+----------------------------------------------------------------+---------+
; ALU.sv                           ; yes             ; User SystemVerilog HDL File  ; C:/Users/jucac/Desktop/Quar-Pro/Processor/ALU.sv               ;         ;
; processor.sv                     ; yes             ; User SystemVerilog HDL File  ; C:/Users/jucac/Desktop/Quar-Pro/Processor/processor.sv         ;         ;
; ProgramCounter.sv                ; yes             ; User SystemVerilog HDL File  ; C:/Users/jucac/Desktop/Quar-Pro/Processor/ProgramCounter.sv    ;         ;
; RegisterUnit.sv                  ; yes             ; User SystemVerilog HDL File  ; C:/Users/jucac/Desktop/Quar-Pro/Processor/RegisterUnit.sv      ;         ;
; InstructionMemory.sv             ; yes             ; User SystemVerilog HDL File  ; C:/Users/jucac/Desktop/Quar-Pro/Processor/InstructionMemory.sv ;         ;
; ControlUnit.sv                   ; yes             ; User SystemVerilog HDL File  ; C:/Users/jucac/Desktop/Quar-Pro/Processor/ControlUnit.sv       ;         ;
; hexa.sv                          ; yes             ; User SystemVerilog HDL File  ; C:/Users/jucac/Desktop/Quar-Pro/Processor/hexa.sv              ;         ;
+----------------------------------+-----------------+------------------------------+----------------------------------------------------------------+---------+
=======
+-------------------------------------------------------------------------------------------------------------------------------------------------------------------------+
; Analysis & Synthesis Source Files Read                                                                                                                                  ;
+----------------------------------+-----------------+------------------------------+---------------------------------------------------------------------------+---------+
; File Name with User-Entered Path ; Used in Netlist ; File Type                    ; File Name with Absolute Path                                              ; Library ;
+----------------------------------+-----------------+------------------------------+---------------------------------------------------------------------------+---------+
; ALU.sv                           ; yes             ; User SystemVerilog HDL File  ; C:/Users/danie/Desktop/UNI/SEMESTRE_VI/Arq/Processor/ALU.sv               ;         ;
; processor.sv                     ; yes             ; User SystemVerilog HDL File  ; C:/Users/danie/Desktop/UNI/SEMESTRE_VI/Arq/Processor/processor.sv         ;         ;
; ProgramCounter.sv                ; yes             ; User SystemVerilog HDL File  ; C:/Users/danie/Desktop/UNI/SEMESTRE_VI/Arq/Processor/ProgramCounter.sv    ;         ;
; RegisterUnit.sv                  ; yes             ; User SystemVerilog HDL File  ; C:/Users/danie/Desktop/UNI/SEMESTRE_VI/Arq/Processor/RegisterUnit.sv      ;         ;
; InstructionMemory.sv             ; yes             ; User SystemVerilog HDL File  ; C:/Users/danie/Desktop/UNI/SEMESTRE_VI/Arq/Processor/InstructionMemory.sv ;         ;
; ControlUnit.sv                   ; yes             ; User SystemVerilog HDL File  ; C:/Users/danie/Desktop/UNI/SEMESTRE_VI/Arq/Processor/ControlUnit.sv       ;         ;
; ImmGen.sv                        ; yes             ; User SystemVerilog HDL File  ; C:/Users/danie/Desktop/UNI/SEMESTRE_VI/Arq/Processor/ImmGen.sv            ;         ;
+----------------------------------+-----------------+------------------------------+---------------------------------------------------------------------------+---------+
>>>>>>> Stashed changes


+---------------------------------------------------------+
; Analysis & Synthesis Resource Usage Summary             ;
+---------------------------------------------+-----------+
; Resource                                    ; Usage     ;
+---------------------------------------------+-----------+
; Estimate of Logic utilization (ALMs needed) ; 6         ;
;                                             ;           ;
; Combinational ALUT usage for logic          ; 12        ;
;     -- 7 input functions                    ; 0         ;
;     -- 6 input functions                    ; 0         ;
;     -- 5 input functions                    ; 2         ;
;     -- 4 input functions                    ; 2         ;
;     -- <=3 input functions                  ; 8         ;
;                                             ;           ;
; Dedicated logic registers                   ; 8         ;
;                                             ;           ;
; I/O pins                                    ; 44        ;
;                                             ;           ;
; Total DSP Blocks                            ; 0         ;
;                                             ;           ;
; Maximum fan-out node                        ; clk~input ;
; Maximum fan-out                             ; 8         ;
; Total fan-out                               ; 106       ;
; Average fan-out                             ; 0.98      ;
+---------------------------------------------+-----------+


+-------------------------------------------------------------------------------------------------------------------------------------------------------------------------------------------------------------+
; Analysis & Synthesis Resource Utilization by Entity                                                                                                                                                         ;
+-----------------------------+---------------------+---------------------------+-------------------+------------+------+--------------+-----------------------------------+-------------------+--------------+
; Compilation Hierarchy Node  ; Combinational ALUTs ; Dedicated Logic Registers ; Block Memory Bits ; DSP Blocks ; Pins ; Virtual Pins ; Full Hierarchy Name               ; Entity Name       ; Library Name ;
+-----------------------------+---------------------+---------------------------+-------------------+------------+------+--------------+-----------------------------------+-------------------+--------------+
; |processor                  ; 12 (0)              ; 8 (0)                     ; 0                 ; 0          ; 44   ; 0            ; |processor                        ; processor         ; work         ;
;    |InstructionMemory:IMEM| ; 3 (3)               ; 0 (0)                     ; 0                 ; 0          ; 0    ; 0            ; |processor|InstructionMemory:IMEM ; InstructionMemory ; work         ;
;    |ProgramCounter:PC_inst| ; 8 (8)               ; 8 (8)                     ; 0                 ; 0          ; 0    ; 0            ; |processor|ProgramCounter:PC_inst ; ProgramCounter    ; work         ;
;    |hexa:show_display|      ; 1 (1)               ; 0 (0)                     ; 0                 ; 0          ; 0    ; 0            ; |processor|hexa:show_display      ; hexa              ; work         ;
+-----------------------------+---------------------+---------------------------+-------------------+------------+------+--------------+-----------------------------------+-------------------+--------------+
Note: For table entries with two numbers listed, the numbers in parentheses indicate the number of resources of the given type used by the specific entity alone. The numbers listed outside of parentheses indicate the total resources of the given type used by the specific entity and all of its sub-entities in the hierarchy.


+-------------------------------------------------------------+
; Registers Removed During Synthesis                          ;
+----------------------------------------+--------------------+
; Register name                          ; Reason for Removal ;
+----------------------------------------+--------------------+
; ProgramCounter:PC_inst|pc[10..31]      ; Lost fanout        ;
; Total Number of Removed Registers = 22 ;                    ;
+----------------------------------------+--------------------+


+------------------------------------------------------+
; General Register Statistics                          ;
+----------------------------------------------+-------+
; Statistic                                    ; Value ;
+----------------------------------------------+-------+
; Total registers                              ; 8     ;
; Number of registers using Synchronous Clear  ; 0     ;
; Number of registers using Synchronous Load   ; 0     ;
; Number of registers using Asynchronous Clear ; 8     ;
; Number of registers using Asynchronous Load  ; 0     ;
; Number of registers using Clock Enable       ; 0     ;
; Number of registers using Preset             ; 0     ;
+----------------------------------------------+-------+


+--------------------------------------------------------------------------------------------------------------------+
; Port Connectivity Checks: "ControlUnit:CU"                                                                         ;
+----------+--------+----------+-------------------------------------------------------------------------------------+
; Port     ; Type   ; Severity ; Details                                                                             ;
+----------+--------+----------+-------------------------------------------------------------------------------------+
; MemRead  ; Output ; Info     ; Connected to dangling logic. Logic that only feeds a dangling port will be removed. ;
; MemWrite ; Output ; Info     ; Connected to dangling logic. Logic that only feeds a dangling port will be removed. ;
; MemToReg ; Output ; Info     ; Connected to dangling logic. Logic that only feeds a dangling port will be removed. ;
+----------+--------+----------+-------------------------------------------------------------------------------------+


+-------------------------------------------------------------------------------------------------------------------------------------------------------------------------------+
; Port Connectivity Checks: "hexa:show_display"                                                                                                                                 ;
+--------+--------+----------+--------------------------------------------------------------------------------------------------------------------------------------------------+
; Port   ; Type   ; Severity ; Details                                                                                                                                          ;
+--------+--------+----------+--------------------------------------------------------------------------------------------------------------------------------------------------+
; binary ; Input  ; Warning  ; Input port expression (5 bits) is smaller than the input port (32 bits) it drives.  Extra input bit(s) "binary[31..5]" will be connected to GND. ;
; leds   ; Output ; Warning  ; Declared by entity but not connected by instance. Logic that only feeds a dangling port will be removed.                                         ;
+--------+--------+----------+--------------------------------------------------------------------------------------------------------------------------------------------------+


+-----------------------------------------------------+
; Post-Synthesis Netlist Statistics for Top Partition ;
+-----------------------+-----------------------------+
; Type                  ; Count                       ;
+-----------------------+-----------------------------+
; arriav_ff             ; 8                           ;
;     CLR               ; 8                           ;
; arriav_lcell_comb     ; 15                          ;
;     arith             ; 7                           ;
;         1 data inputs ; 6                           ;
;         2 data inputs ; 1                           ;
;     normal            ; 8                           ;
;         0 data inputs ; 2                           ;
;         1 data inputs ; 2                           ;
;         4 data inputs ; 2                           ;
;         5 data inputs ; 2                           ;
; boundary_port         ; 44                          ;
;                       ;                             ;
; Max LUT depth         ; 3.00                        ;
; Average LUT depth     ; 1.69                        ;
+-----------------------+-----------------------------+


+-------------------------------+
; Elapsed Time Per Partition    ;
+----------------+--------------+
; Partition Name ; Elapsed Time ;
+----------------+--------------+
; Top            ; 00:00:00     ;
+----------------+--------------+


+-------------------------------+
; Analysis & Synthesis Messages ;
+-------------------------------+
Info: *******************************************************************
Info: Running Quartus Prime Analysis & Synthesis
    Info: Version 24.1std.0 Build 1077 03/04/2025 SC Lite Edition
<<<<<<< Updated upstream
    Info: Processing started: Fri Oct  3 18:26:39 2025
=======
    Info: Processing started: Fri Oct 10 12:34:24 2025
>>>>>>> Stashed changes
Info: Command: quartus_map --read_settings_files=on --write_settings_files=off processor -c processor
Warning (18236): Number of processors has not been specified which may cause overloading on shared machines.  Set the global assignment NUM_PARALLEL_PROCESSORS in your QSF to an appropriate value for best performance.
Info (20030): Parallel compilation is enabled and will use 16 of the 16 processors detected
Info (12021): Found 1 design units, including 1 entities, in source file alu.sv
    Info (12023): Found entity 1: ALU File: C:/Users/jucac/Desktop/Quar-Pro/Processor/ALU.sv Line: 1
Info (12021): Found 1 design units, including 1 entities, in source file processor.sv
    Info (12023): Found entity 1: processor File: C:/Users/jucac/Desktop/Quar-Pro/Processor/processor.sv Line: 1
Info (12021): Found 1 design units, including 1 entities, in source file programcounter.sv
    Info (12023): Found entity 1: ProgramCounter File: C:/Users/jucac/Desktop/Quar-Pro/Processor/ProgramCounter.sv Line: 1
Info (12021): Found 1 design units, including 1 entities, in source file registerunit.sv
    Info (12023): Found entity 1: RegisterUnit File: C:/Users/jucac/Desktop/Quar-Pro/Processor/RegisterUnit.sv Line: 1
Info (12021): Found 1 design units, including 1 entities, in source file instructionmemory.sv
    Info (12023): Found entity 1: InstructionMemory File: C:/Users/jucac/Desktop/Quar-Pro/Processor/InstructionMemory.sv Line: 1
Info (12021): Found 1 design units, including 1 entities, in source file controlunit.sv
<<<<<<< Updated upstream
    Info (12023): Found entity 1: ControlUnit File: C:/Users/jucac/Desktop/Quar-Pro/Processor/ControlUnit.sv Line: 1
Info (12021): Found 1 design units, including 1 entities, in source file hexa.sv
    Info (12023): Found entity 1: hexa File: C:/Users/jucac/Desktop/Quar-Pro/Processor/hexa.sv Line: 1
Info (12127): Elaborating entity "processor" for the top level hierarchy
Info (12128): Elaborating entity "ProgramCounter" for hierarchy "ProgramCounter:PC_inst" File: C:/Users/jucac/Desktop/Quar-Pro/Processor/processor.sv Line: 12
Warning (10240): Verilog HDL Always Construct warning at ProgramCounter.sv(7): inferring latch(es) for variable "pc", which holds its previous value in one or more paths through the always construct File: C:/Users/jucac/Desktop/Quar-Pro/Processor/ProgramCounter.sv Line: 7
Info (10041): Inferred latch for "pc[0]" at ProgramCounter.sv(7) File: C:/Users/jucac/Desktop/Quar-Pro/Processor/ProgramCounter.sv Line: 7
Info (10041): Inferred latch for "pc[1]" at ProgramCounter.sv(7) File: C:/Users/jucac/Desktop/Quar-Pro/Processor/ProgramCounter.sv Line: 7
Info (12128): Elaborating entity "InstructionMemory" for hierarchy "InstructionMemory:IMEM" File: C:/Users/jucac/Desktop/Quar-Pro/Processor/processor.sv Line: 19
Warning (10030): Net "mem.data_a" at InstructionMemory.sv(5) has no driver or initial value, using a default initial value '0' File: C:/Users/jucac/Desktop/Quar-Pro/Processor/InstructionMemory.sv Line: 5
Warning (10030): Net "mem.waddr_a" at InstructionMemory.sv(5) has no driver or initial value, using a default initial value '0' File: C:/Users/jucac/Desktop/Quar-Pro/Processor/InstructionMemory.sv Line: 5
Warning (10030): Net "mem.we_a" at InstructionMemory.sv(5) has no driver or initial value, using a default initial value '0' File: C:/Users/jucac/Desktop/Quar-Pro/Processor/InstructionMemory.sv Line: 5
Info (12128): Elaborating entity "hexa" for hierarchy "hexa:show_display" File: C:/Users/jucac/Desktop/Quar-Pro/Processor/processor.sv Line: 44
Info (12128): Elaborating entity "ControlUnit" for hierarchy "ControlUnit:CU" File: C:/Users/jucac/Desktop/Quar-Pro/Processor/processor.sv Line: 53
Info (12128): Elaborating entity "RegisterUnit" for hierarchy "RegisterUnit:RF" File: C:/Users/jucac/Desktop/Quar-Pro/Processor/processor.sv Line: 67
Info (12128): Elaborating entity "ALU" for hierarchy "ALU:ALU_inst" File: C:/Users/jucac/Desktop/Quar-Pro/Processor/processor.sv Line: 75
Warning (127007): Memory Initialization File or Hexadecimal (Intel-Format) File "C:/Users/jucac/Desktop/Quar-Pro/Processor/db/processor.ram0_InstructionMemory_d1968ec4.hdl.mif" contains "don't care" values -- overwriting them with 0s
Warning (12241): 1 hierarchies have connectivity warnings - see the Connectivity Checks report folder
Warning (13024): Output pins are stuck at VCC or GND
    Warning (13410): Pin "display1[1]" is stuck at GND File: C:/Users/jucac/Desktop/Quar-Pro/Processor/processor.sv Line: 4
    Warning (13410): Pin "display1[2]" is stuck at GND File: C:/Users/jucac/Desktop/Quar-Pro/Processor/processor.sv Line: 4
    Warning (13410): Pin "display2[0]" is stuck at GND File: C:/Users/jucac/Desktop/Quar-Pro/Processor/processor.sv Line: 4
    Warning (13410): Pin "display2[1]" is stuck at GND File: C:/Users/jucac/Desktop/Quar-Pro/Processor/processor.sv Line: 4
    Warning (13410): Pin "display2[2]" is stuck at GND File: C:/Users/jucac/Desktop/Quar-Pro/Processor/processor.sv Line: 4
    Warning (13410): Pin "display2[3]" is stuck at GND File: C:/Users/jucac/Desktop/Quar-Pro/Processor/processor.sv Line: 4
    Warning (13410): Pin "display2[4]" is stuck at GND File: C:/Users/jucac/Desktop/Quar-Pro/Processor/processor.sv Line: 4
    Warning (13410): Pin "display2[5]" is stuck at GND File: C:/Users/jucac/Desktop/Quar-Pro/Processor/processor.sv Line: 4
    Warning (13410): Pin "display2[6]" is stuck at VCC File: C:/Users/jucac/Desktop/Quar-Pro/Processor/processor.sv Line: 4
    Warning (13410): Pin "display3[0]" is stuck at GND File: C:/Users/jucac/Desktop/Quar-Pro/Processor/processor.sv Line: 4
    Warning (13410): Pin "display3[1]" is stuck at GND File: C:/Users/jucac/Desktop/Quar-Pro/Processor/processor.sv Line: 4
    Warning (13410): Pin "display3[2]" is stuck at GND File: C:/Users/jucac/Desktop/Quar-Pro/Processor/processor.sv Line: 4
    Warning (13410): Pin "display3[3]" is stuck at GND File: C:/Users/jucac/Desktop/Quar-Pro/Processor/processor.sv Line: 4
    Warning (13410): Pin "display3[4]" is stuck at GND File: C:/Users/jucac/Desktop/Quar-Pro/Processor/processor.sv Line: 4
    Warning (13410): Pin "display3[5]" is stuck at GND File: C:/Users/jucac/Desktop/Quar-Pro/Processor/processor.sv Line: 4
    Warning (13410): Pin "display3[6]" is stuck at VCC File: C:/Users/jucac/Desktop/Quar-Pro/Processor/processor.sv Line: 4
    Warning (13410): Pin "display4[0]" is stuck at GND File: C:/Users/jucac/Desktop/Quar-Pro/Processor/processor.sv Line: 4
    Warning (13410): Pin "display4[1]" is stuck at GND File: C:/Users/jucac/Desktop/Quar-Pro/Processor/processor.sv Line: 4
    Warning (13410): Pin "display4[2]" is stuck at GND File: C:/Users/jucac/Desktop/Quar-Pro/Processor/processor.sv Line: 4
    Warning (13410): Pin "display4[3]" is stuck at GND File: C:/Users/jucac/Desktop/Quar-Pro/Processor/processor.sv Line: 4
    Warning (13410): Pin "display4[4]" is stuck at GND File: C:/Users/jucac/Desktop/Quar-Pro/Processor/processor.sv Line: 4
    Warning (13410): Pin "display4[5]" is stuck at GND File: C:/Users/jucac/Desktop/Quar-Pro/Processor/processor.sv Line: 4
    Warning (13410): Pin "display4[6]" is stuck at VCC File: C:/Users/jucac/Desktop/Quar-Pro/Processor/processor.sv Line: 4
    Warning (13410): Pin "display5[0]" is stuck at GND File: C:/Users/jucac/Desktop/Quar-Pro/Processor/processor.sv Line: 4
    Warning (13410): Pin "display5[1]" is stuck at GND File: C:/Users/jucac/Desktop/Quar-Pro/Processor/processor.sv Line: 4
    Warning (13410): Pin "display5[2]" is stuck at GND File: C:/Users/jucac/Desktop/Quar-Pro/Processor/processor.sv Line: 4
    Warning (13410): Pin "display5[3]" is stuck at GND File: C:/Users/jucac/Desktop/Quar-Pro/Processor/processor.sv Line: 4
    Warning (13410): Pin "display5[4]" is stuck at GND File: C:/Users/jucac/Desktop/Quar-Pro/Processor/processor.sv Line: 4
    Warning (13410): Pin "display5[5]" is stuck at GND File: C:/Users/jucac/Desktop/Quar-Pro/Processor/processor.sv Line: 4
    Warning (13410): Pin "display5[6]" is stuck at VCC File: C:/Users/jucac/Desktop/Quar-Pro/Processor/processor.sv Line: 4
    Warning (13410): Pin "display6[0]" is stuck at GND File: C:/Users/jucac/Desktop/Quar-Pro/Processor/processor.sv Line: 5
    Warning (13410): Pin "display6[1]" is stuck at GND File: C:/Users/jucac/Desktop/Quar-Pro/Processor/processor.sv Line: 5
    Warning (13410): Pin "display6[2]" is stuck at GND File: C:/Users/jucac/Desktop/Quar-Pro/Processor/processor.sv Line: 5
    Warning (13410): Pin "display6[3]" is stuck at GND File: C:/Users/jucac/Desktop/Quar-Pro/Processor/processor.sv Line: 5
    Warning (13410): Pin "display6[4]" is stuck at GND File: C:/Users/jucac/Desktop/Quar-Pro/Processor/processor.sv Line: 5
    Warning (13410): Pin "display6[5]" is stuck at GND File: C:/Users/jucac/Desktop/Quar-Pro/Processor/processor.sv Line: 5
    Warning (13410): Pin "display6[6]" is stuck at VCC File: C:/Users/jucac/Desktop/Quar-Pro/Processor/processor.sv Line: 5
Info (286030): Timing-Driven Synthesis is running
Info (17049): 22 registers lost all their fanouts during netlist optimizations.
=======
    Info (12023): Found entity 1: ControlUnit File: C:/Users/danie/Desktop/UNI/SEMESTRE_VI/Arq/Processor/ControlUnit.sv Line: 1
Info (12021): Found 1 design units, including 1 entities, in source file immgen.sv
    Info (12023): Found entity 1: ImmGen File: C:/Users/danie/Desktop/UNI/SEMESTRE_VI/Arq/Processor/ImmGen.sv Line: 1
Info (12127): Elaborating entity "processor" for the top level hierarchy
Info (12128): Elaborating entity "ProgramCounter" for hierarchy "ProgramCounter:PC_inst" File: C:/Users/danie/Desktop/UNI/SEMESTRE_VI/Arq/Processor/processor.sv Line: 13
Warning (10240): Verilog HDL Always Construct warning at ProgramCounter.sv(7): inferring latch(es) for variable "pc", which holds its previous value in one or more paths through the always construct File: C:/Users/danie/Desktop/UNI/SEMESTRE_VI/Arq/Processor/ProgramCounter.sv Line: 7
Info (10041): Inferred latch for "pc[0]" at ProgramCounter.sv(7) File: C:/Users/danie/Desktop/UNI/SEMESTRE_VI/Arq/Processor/ProgramCounter.sv Line: 7
Info (10041): Inferred latch for "pc[1]" at ProgramCounter.sv(7) File: C:/Users/danie/Desktop/UNI/SEMESTRE_VI/Arq/Processor/ProgramCounter.sv Line: 7
Info (12128): Elaborating entity "InstructionMemory" for hierarchy "InstructionMemory:IMEM" File: C:/Users/danie/Desktop/UNI/SEMESTRE_VI/Arq/Processor/processor.sv Line: 22
Warning (10030): Net "mem.data_a" at InstructionMemory.sv(5) has no driver or initial value, using a default initial value '0' File: C:/Users/danie/Desktop/UNI/SEMESTRE_VI/Arq/Processor/InstructionMemory.sv Line: 5
Warning (10030): Net "mem.waddr_a" at InstructionMemory.sv(5) has no driver or initial value, using a default initial value '0' File: C:/Users/danie/Desktop/UNI/SEMESTRE_VI/Arq/Processor/InstructionMemory.sv Line: 5
Warning (10030): Net "mem.we_a" at InstructionMemory.sv(5) has no driver or initial value, using a default initial value '0' File: C:/Users/danie/Desktop/UNI/SEMESTRE_VI/Arq/Processor/InstructionMemory.sv Line: 5
Info (12128): Elaborating entity "ControlUnit" for hierarchy "ControlUnit:CU" File: C:/Users/danie/Desktop/UNI/SEMESTRE_VI/Arq/Processor/processor.sv Line: 61
Warning (10034): Output port "ALUSrc" at ControlUnit.sv(6) has no driver File: C:/Users/danie/Desktop/UNI/SEMESTRE_VI/Arq/Processor/ControlUnit.sv Line: 6
Warning (10034): Output port "RegWrite" at ControlUnit.sv(7) has no driver File: C:/Users/danie/Desktop/UNI/SEMESTRE_VI/Arq/Processor/ControlUnit.sv Line: 7
Warning (10034): Output port "MemRead" at ControlUnit.sv(8) has no driver File: C:/Users/danie/Desktop/UNI/SEMESTRE_VI/Arq/Processor/ControlUnit.sv Line: 8
Warning (10034): Output port "MemWrite" at ControlUnit.sv(9) has no driver File: C:/Users/danie/Desktop/UNI/SEMESTRE_VI/Arq/Processor/ControlUnit.sv Line: 9
Warning (10034): Output port "MemToReg" at ControlUnit.sv(11) has no driver File: C:/Users/danie/Desktop/UNI/SEMESTRE_VI/Arq/Processor/ControlUnit.sv Line: 11
Info (12128): Elaborating entity "RegisterUnit" for hierarchy "RegisterUnit:RF" File: C:/Users/danie/Desktop/UNI/SEMESTRE_VI/Arq/Processor/processor.sv Line: 79
Info (12128): Elaborating entity "ImmGen" for hierarchy "ImmGen:immGen_inst" File: C:/Users/danie/Desktop/UNI/SEMESTRE_VI/Arq/Processor/processor.sv Line: 88
Warning (10036): Verilog HDL or VHDL warning at ImmGen.sv(7): object "funct7" assigned a value but never read File: C:/Users/danie/Desktop/UNI/SEMESTRE_VI/Arq/Processor/ImmGen.sv Line: 7
Warning (10272): Verilog HDL Case Statement warning at ImmGen.sv(26): case item expression covers a value already covered by a previous case item File: C:/Users/danie/Desktop/UNI/SEMESTRE_VI/Arq/Processor/ImmGen.sv Line: 26
Warning (10829): SystemVerilog warning at ImmGen.sv(14): unique case statement has overlapping case items File: C:/Users/danie/Desktop/UNI/SEMESTRE_VI/Arq/Processor/ImmGen.sv Line: 14
Info (12128): Elaborating entity "ALU" for hierarchy "ALU:ALU_inst" File: C:/Users/danie/Desktop/UNI/SEMESTRE_VI/Arq/Processor/processor.sv Line: 105
>>>>>>> Stashed changes
Info (16010): Generating hard_block partition "hard_block:auto_generated_inst"
    Info (16011): Adding 0 node(s), including 0 DDIO, 0 PLL, 0 transceiver and 0 LCELL
Info (21057): Implemented 56 device resources after synthesis - the final resource count might be different
    Info (21058): Implemented 2 input pins
<<<<<<< Updated upstream
    Info (21059): Implemented 42 output pins
    Info (21061): Implemented 12 logic cells
Info: Quartus Prime Analysis & Synthesis was successful. 0 errors, 45 warnings
    Info: Peak virtual memory: 4879 megabytes
    Info: Processing ended: Fri Oct  3 18:26:52 2025
    Info: Elapsed time: 00:00:13
    Info: Total CPU time (on all processors): 00:00:36
=======
    Info (21059): Implemented 0 output pins
Info: Quartus Prime Analysis & Synthesis was successful. 0 errors, 16 warnings
    Info: Peak virtual memory: 4820 megabytes
    Info: Processing ended: Fri Oct 10 12:34:36 2025
    Info: Elapsed time: 00:00:12
    Info: Total CPU time (on all processors): 00:00:26
>>>>>>> Stashed changes


